Determining if the pthread_create exist failed with the following output:
Change Dir: /home/pi/ros_ws/build/CMakeFiles/CMakeTmp

Run Build Command:"/usr/bin/make" "cmTC_2bd54/fast"
/usr/bin/make -f CMakeFiles/cmTC_2bd54.dir/build.make CMakeFiles/cmTC_2bd54.dir/build
make[1]: Entering directory '/home/pi/ros_ws/build/CMakeFiles/CMakeTmp'
Building C object CMakeFiles/cmTC_2bd54.dir/CheckSymbolExists.c.o
/usr/bin/cc    -o CMakeFiles/cmTC_2bd54.dir/CheckSymbolExists.c.o   -c /home/pi/ros_ws/build/CMakeFiles/CMakeTmp/CheckSymbolExists.c
Linking C executable cmTC_2bd54
/usr/bin/cmake -E cmake_link_script CMakeFiles/cmTC_2bd54.dir/link.txt --verbose=1
/usr/bin/cc      -rdynamic CMakeFiles/cmTC_2bd54.dir/CheckSymbolExists.c.o  -o cmTC_2bd54 
/usr/bin/ld: CMakeFiles/cmTC_2bd54.dir/CheckSymbolExists.c.o: in function `main':
CheckSymbolExists.c:(.text+0x38): undefined reference to `pthread_create'
collect2: error: ld returned 1 exit status
make[1]: *** [CMakeFiles/cmTC_2bd54.dir/build.make:87: cmTC_2bd54] Error 1
make[1]: Leaving directory '/home/pi/ros_ws/build/CMakeFiles/CMakeTmp'
make: *** [Makefile:121: cmTC_2bd54/fast] Error 2

File /home/pi/ros_ws/build/CMakeFiles/CMakeTmp/CheckSymbolExists.c:
/* */
#include <pthread.h>

int main(int argc, char** argv)
{
  (void)argv;
#ifndef pthread_create
  return ((int*)(&pthread_create))[argc];
#else
  (void)argc;
  return 0;
#endif
}

Determining if the function pthread_create exists in the pthreads failed with the following output:
Change Dir: /home/pi/ros_ws/build/CMakeFiles/CMakeTmp

Run Build Command:"/usr/bin/make" "cmTC_4af9e/fast"
/usr/bin/make -f CMakeFiles/cmTC_4af9e.dir/build.make CMakeFiles/cmTC_4af9e.dir/build
make[1]: Entering directory '/home/pi/ros_ws/build/CMakeFiles/CMakeTmp'
Building C object CMakeFiles/cmTC_4af9e.dir/CheckFunctionExists.c.o
/usr/bin/cc   -DCHECK_FUNCTION_EXISTS=pthread_create   -o CMakeFiles/cmTC_4af9e.dir/CheckFunctionExists.c.o   -c /usr/share/cmake-3.13/Modules/CheckFunctionExists.c
Linking C executable cmTC_4af9e
/usr/bin/cmake -E cmake_link_script CMakeFiles/cmTC_4af9e.dir/link.txt --verbose=1
/usr/bin/cc  -DCHECK_FUNCTION_EXISTS=pthread_create    -rdynamic CMakeFiles/cmTC_4af9e.dir/CheckFunctionExists.c.o  -o cmTC_4af9e -lpthreads 
/usr/bin/ld: cannot find -lpthreads
collect2: error: ld returned 1 exit status
make[1]: *** [CMakeFiles/cmTC_4af9e.dir/build.make:87: cmTC_4af9e] Error 1
make[1]: Leaving directory '/home/pi/ros_ws/build/CMakeFiles/CMakeTmp'
make: *** [Makefile:121: cmTC_4af9e/fast] Error 2


